  [1m[36mGroup Load (5.3ms)[0m  [1m[34mSELECT  "groups".* FROM "groups" LIMIT $1[0m  [["LIMIT", 11]]
Started GET "/" for 127.0.0.1 at 2018-09-24 11:18:48 -0400
  [1m[35m (1.3ms)[0m  [1m[34mSELECT "schema_migrations"."version" FROM "schema_migrations" ORDER BY "schema_migrations"."version" ASC[0m
  ↳ /Users/orenmagid/.rvm/gems/ruby-2.3.3/gems/activerecord-5.2.1/lib/active_record/log_subscriber.rb:98
Processing by Rails::WelcomeController#index as HTML
  Rendering /Users/orenmagid/.rvm/gems/ruby-2.3.3/gems/railties-5.2.1/lib/rails/templates/rails/welcome/index.html.erb
  Rendered /Users/orenmagid/.rvm/gems/ruby-2.3.3/gems/railties-5.2.1/lib/rails/templates/rails/welcome/index.html.erb (5.9ms)
Completed 200 OK in 25ms (Views: 16.4ms | ActiveRecord: 0.0ms)


Started GET "/favicon.ico" for 127.0.0.1 at 2018-09-24 11:18:49 -0400
  
ActionController::RoutingError (No route matches [GET] "/favicon.ico"):
  
actionpack (5.2.1) lib/action_dispatch/middleware/debug_exceptions.rb:65:in `call'
actionpack (5.2.1) lib/action_dispatch/middleware/show_exceptions.rb:33:in `call'
railties (5.2.1) lib/rails/rack/logger.rb:38:in `call_app'
railties (5.2.1) lib/rails/rack/logger.rb:26:in `block in call'
activesupport (5.2.1) lib/active_support/tagged_logging.rb:71:in `block in tagged'
activesupport (5.2.1) lib/active_support/tagged_logging.rb:28:in `tagged'
activesupport (5.2.1) lib/active_support/tagged_logging.rb:71:in `tagged'
railties (5.2.1) lib/rails/rack/logger.rb:26:in `call'
actionpack (5.2.1) lib/action_dispatch/middleware/remote_ip.rb:81:in `call'
actionpack (5.2.1) lib/action_dispatch/middleware/request_id.rb:27:in `call'
rack (2.0.5) lib/rack/runtime.rb:22:in `call'
activesupport (5.2.1) lib/active_support/cache/strategy/local_cache_middleware.rb:29:in `call'
actionpack (5.2.1) lib/action_dispatch/middleware/executor.rb:14:in `call'
actionpack (5.2.1) lib/action_dispatch/middleware/static.rb:127:in `call'
rack (2.0.5) lib/rack/sendfile.rb:111:in `call'
rack-cors (1.0.2) lib/rack/cors.rb:97:in `call'
railties (5.2.1) lib/rails/engine.rb:524:in `call'
puma (3.12.0) lib/puma/configuration.rb:225:in `call'
puma (3.12.0) lib/puma/server.rb:658:in `handle_request'
puma (3.12.0) lib/puma/server.rb:472:in `process_client'
puma (3.12.0) lib/puma/server.rb:332:in `block in run'
puma (3.12.0) lib/puma/thread_pool.rb:133:in `block in spawn_thread'
Started GET "/api/v1/groups" for 127.0.0.1 at 2018-09-24 11:18:56 -0400
Processing by Api::V1::GroupsController#index as HTML
  [1m[36mGroup Load (1.1ms)[0m  [1m[34mSELECT "groups".* FROM "groups"[0m
  ↳ app/controllers/api/v1/groups_controller.rb:8
[active_model_serializers]   [1m[36mUserGroup Load (2.7ms)[0m  [1m[34mSELECT "user_groups".* FROM "user_groups" WHERE "user_groups"."group_id" = $1[0m  [["group_id", 1]]
[active_model_serializers]   ↳ app/controllers/api/v1/groups_controller.rb:8
[active_model_serializers]   [1m[36mUser Load (7.1ms)[0m  [1m[34mSELECT "users".* FROM "users" INNER JOIN "user_groups" ON "users"."id" = "user_groups"."user_id" WHERE "user_groups"."group_id" = $1[0m  [["group_id", 1]]
[active_model_serializers]   ↳ app/controllers/api/v1/groups_controller.rb:8
[active_model_serializers]   [1m[36mInvitation Load (1.8ms)[0m  [1m[34mSELECT "invitations".* FROM "invitations" WHERE "invitations"."group_id" = $1[0m  [["group_id", 1]]
[active_model_serializers]   ↳ app/controllers/api/v1/groups_controller.rb:8
[active_model_serializers]   [1m[36mRequest Load (0.7ms)[0m  [1m[34mSELECT "requests".* FROM "requests" WHERE "requests"."group_id" = $1[0m  [["group_id", 1]]
[active_model_serializers]   ↳ app/controllers/api/v1/groups_controller.rb:8
[active_model_serializers]   [1m[36mConversation Load (0.6ms)[0m  [1m[34mSELECT  "conversations".* FROM "conversations" WHERE "conversations"."group_id" = $1 LIMIT $2[0m  [["group_id", 1], ["LIMIT", 1]]
[active_model_serializers]   ↳ app/controllers/api/v1/groups_controller.rb:8
[active_model_serializers]   [1m[36mUserGroup Load (0.4ms)[0m  [1m[34mSELECT "user_groups".* FROM "user_groups" WHERE "user_groups"."group_id" = $1[0m  [["group_id", 2]]
[active_model_serializers]   ↳ app/controllers/api/v1/groups_controller.rb:8
[active_model_serializers]   [1m[36mUser Load (0.8ms)[0m  [1m[34mSELECT "users".* FROM "users" INNER JOIN "user_groups" ON "users"."id" = "user_groups"."user_id" WHERE "user_groups"."group_id" = $1[0m  [["group_id", 2]]
[active_model_serializers]   ↳ app/controllers/api/v1/groups_controller.rb:8
[active_model_serializers]   [1m[36mInvitation Load (0.3ms)[0m  [1m[34mSELECT "invitations".* FROM "invitations" WHERE "invitations"."group_id" = $1[0m  [["group_id", 2]]
[active_model_serializers]   ↳ app/controllers/api/v1/groups_controller.rb:8
[active_model_serializers]   [1m[36mRequest Load (0.3ms)[0m  [1m[34mSELECT "requests".* FROM "requests" WHERE "requests"."group_id" = $1[0m  [["group_id", 2]]
[active_model_serializers]   ↳ app/controllers/api/v1/groups_controller.rb:8
[active_model_serializers]   [1m[36mConversation Load (0.3ms)[0m  [1m[34mSELECT  "conversations".* FROM "conversations" WHERE "conversations"."group_id" = $1 LIMIT $2[0m  [["group_id", 2], ["LIMIT", 1]]
[active_model_serializers]   ↳ app/controllers/api/v1/groups_controller.rb:8
[active_model_serializers]   [1m[36mUserGroup Load (0.3ms)[0m  [1m[34mSELECT "user_groups".* FROM "user_groups" WHERE "user_groups"."group_id" = $1[0m  [["group_id", 3]]
[active_model_serializers]   ↳ app/controllers/api/v1/groups_controller.rb:8
[active_model_serializers]   [1m[36mUser Load (0.6ms)[0m  [1m[34mSELECT "users".* FROM "users" INNER JOIN "user_groups" ON "users"."id" = "user_groups"."user_id" WHERE "user_groups"."group_id" = $1[0m  [["group_id", 3]]
[active_model_serializers]   ↳ app/controllers/api/v1/groups_controller.rb:8
[active_model_serializers]   [1m[36mInvitation Load (0.3ms)[0m  [1m[34mSELECT "invitations".* FROM "invitations" WHERE "invitations"."group_id" = $1[0m  [["group_id", 3]]
[active_model_serializers]   ↳ app/controllers/api/v1/groups_controller.rb:8
[active_model_serializers]   [1m[36mRequest Load (0.6ms)[0m  [1m[34mSELECT "requests".* FROM "requests" WHERE "requests"."group_id" = $1[0m  [["group_id", 3]]
[active_model_serializers]   ↳ app/controllers/api/v1/groups_controller.rb:8
[active_model_serializers]   [1m[36mConversation Load (0.3ms)[0m  [1m[34mSELECT  "conversations".* FROM "conversations" WHERE "conversations"."group_id" = $1 LIMIT $2[0m  [["group_id", 3], ["LIMIT", 1]]
[active_model_serializers]   ↳ app/controllers/api/v1/groups_controller.rb:8
[active_model_serializers]   [1m[36mUserGroup Load (0.5ms)[0m  [1m[34mSELECT "user_groups".* FROM "user_groups" WHERE "user_groups"."group_id" = $1[0m  [["group_id", 4]]
[active_model_serializers]   ↳ app/controllers/api/v1/groups_controller.rb:8
[active_model_serializers]   [1m[36mUser Load (1.1ms)[0m  [1m[34mSELECT "users".* FROM "users" INNER JOIN "user_groups" ON "users"."id" = "user_groups"."user_id" WHERE "user_groups"."group_id" = $1[0m  [["group_id", 4]]
[active_model_serializers]   ↳ app/controllers/api/v1/groups_controller.rb:8
[active_model_serializers]   [1m[36mInvitation Load (0.3ms)[0m  [1m[34mSELECT "invitations".* FROM "invitations" WHERE "invitations"."group_id" = $1[0m  [["group_id", 4]]
[active_model_serializers]   ↳ app/controllers/api/v1/groups_controller.rb:8
[active_model_serializers]   [1m[36mRequest Load (0.3ms)[0m  [1m[34mSELECT "requests".* FROM "requests" WHERE "requests"."group_id" = $1[0m  [["group_id", 4]]
[active_model_serializers]   ↳ app/controllers/api/v1/groups_controller.rb:8
[active_model_serializers]   [1m[36mConversation Load (0.2ms)[0m  [1m[34mSELECT  "conversations".* FROM "conversations" WHERE "conversations"."group_id" = $1 LIMIT $2[0m  [["group_id", 4], ["LIMIT", 1]]
[active_model_serializers]   ↳ app/controllers/api/v1/groups_controller.rb:8
[active_model_serializers]   [1m[36mUserGroup Load (0.4ms)[0m  [1m[34mSELECT "user_groups".* FROM "user_groups" WHERE "user_groups"."group_id" = $1[0m  [["group_id", 5]]
[active_model_serializers]   ↳ app/controllers/api/v1/groups_controller.rb:8
[active_model_serializers]   [1m[36mUser Load (0.9ms)[0m  [1m[34mSELECT "users".* FROM "users" INNER JOIN "user_groups" ON "users"."id" = "user_groups"."user_id" WHERE "user_groups"."group_id" = $1[0m  [["group_id", 5]]
[active_model_serializers]   ↳ app/controllers/api/v1/groups_controller.rb:8
[active_model_serializers]   [1m[36mInvitation Load (0.4ms)[0m  [1m[34mSELECT "invitations".* FROM "invitations" WHERE "invitations"."group_id" = $1[0m  [["group_id", 5]]
[active_model_serializers]   ↳ app/controllers/api/v1/groups_controller.rb:8
[active_model_serializers]   [1m[36mRequest Load (0.5ms)[0m  [1m[34mSELECT "requests".* FROM "requests" WHERE "requests"."group_id" = $1[0m  [["group_id", 5]]
[active_model_serializers]   ↳ app/controllers/api/v1/groups_controller.rb:8
[active_model_serializers]   [1m[36mConversation Load (0.5ms)[0m  [1m[34mSELECT  "conversations".* FROM "conversations" WHERE "conversations"."group_id" = $1 LIMIT $2[0m  [["group_id", 5], ["LIMIT", 1]]
[active_model_serializers]   ↳ app/controllers/api/v1/groups_controller.rb:8
[active_model_serializers]   [1m[36mUserGroup Load (1.5ms)[0m  [1m[34mSELECT "user_groups".* FROM "user_groups" WHERE "user_groups"."group_id" = $1[0m  [["group_id", 6]]
[active_model_serializers]   ↳ app/controllers/api/v1/groups_controller.rb:8
[active_model_serializers]   [1m[36mUser Load (1.6ms)[0m  [1m[34mSELECT "users".* FROM "users" INNER JOIN "user_groups" ON "users"."id" = "user_groups"."user_id" WHERE "user_groups"."group_id" = $1[0m  [["group_id", 6]]
[active_model_serializers]   ↳ app/controllers/api/v1/groups_controller.rb:8
[active_model_serializers]   [1m[36mInvitation Load (0.3ms)[0m  [1m[34mSELECT "invitations".* FROM "invitations" WHERE "invitations"."group_id" = $1[0m  [["group_id", 6]]
[active_model_serializers]   ↳ app/controllers/api/v1/groups_controller.rb:8
[active_model_serializers]   [1m[36mRequest Load (0.3ms)[0m  [1m[34mSELECT "requests".* FROM "requests" WHERE "requests"."group_id" = $1[0m  [["group_id", 6]]
[active_model_serializers]   ↳ app/controllers/api/v1/groups_controller.rb:8
[active_model_serializers]   [1m[36mConversation Load (0.4ms)[0m  [1m[34mSELECT  "conversations".* FROM "conversations" WHERE "conversations"."group_id" = $1 LIMIT $2[0m  [["group_id", 6], ["LIMIT", 1]]
[active_model_serializers]   ↳ app/controllers/api/v1/groups_controller.rb:8
[active_model_serializers]   [1m[36mUserGroup Load (0.5ms)[0m  [1m[34mSELECT "user_groups".* FROM "user_groups" WHERE "user_groups"."group_id" = $1[0m  [["group_id", 7]]
[active_model_serializers]   ↳ app/controllers/api/v1/groups_controller.rb:8
[active_model_serializers]   [1m[36mUser Load (0.5ms)[0m  [1m[34mSELECT "users".* FROM "users" INNER JOIN "user_groups" ON "users"."id" = "user_groups"."user_id" WHERE "user_groups"."group_id" = $1[0m  [["group_id", 7]]
[active_model_serializers]   ↳ app/controllers/api/v1/groups_controller.rb:8
[active_model_serializers]   [1m[36mInvitation Load (0.2ms)[0m  [1m[34mSELECT "invitations".* FROM "invitations" WHERE "invitations"."group_id" = $1[0m  [["group_id", 7]]
[active_model_serializers]   ↳ app/controllers/api/v1/groups_controller.rb:8
[active_model_serializers]   [1m[36mRequest Load (0.2ms)[0m  [1m[34mSELECT "requests".* FROM "requests" WHERE "requests"."group_id" = $1[0m  [["group_id", 7]]
[active_model_serializers]   ↳ app/controllers/api/v1/groups_controller.rb:8
[active_model_serializers]   [1m[36mConversation Load (0.2ms)[0m  [1m[34mSELECT  "conversations".* FROM "conversations" WHERE "conversations"."group_id" = $1 LIMIT $2[0m  [["group_id", 7], ["LIMIT", 1]]
[active_model_serializers]   ↳ app/controllers/api/v1/groups_controller.rb:8
[active_model_serializers]   [1m[36mUserGroup Load (0.3ms)[0m  [1m[34mSELECT "user_groups".* FROM "user_groups" WHERE "user_groups"."group_id" = $1[0m  [["group_id", 8]]
[active_model_serializers]   ↳ app/controllers/api/v1/groups_controller.rb:8
[active_model_serializers]   [1m[36mUser Load (0.5ms)[0m  [1m[34mSELECT "users".* FROM "users" INNER JOIN "user_groups" ON "users"."id" = "user_groups"."user_id" WHERE "user_groups"."group_id" = $1[0m  [["group_id", 8]]
[active_model_serializers]   ↳ app/controllers/api/v1/groups_controller.rb:8
[active_model_serializers]   [1m[36mInvitation Load (0.2ms)[0m  [1m[34mSELECT "invitations".* FROM "invitations" WHERE "invitations"."group_id" = $1[0m  [["group_id", 8]]
[active_model_serializers]   ↳ app/controllers/api/v1/groups_controller.rb:8
[active_model_serializers]   [1m[36mRequest Load (0.2ms)[0m  [1m[34mSELECT "requests".* FROM "requests" WHERE "requests"."group_id" = $1[0m  [["group_id", 8]]
[active_model_serializers]   ↳ app/controllers/api/v1/groups_controller.rb:8
[active_model_serializers]   [1m[36mConversation Load (0.4ms)[0m  [1m[34mSELECT  "conversations".* FROM "conversations" WHERE "conversations"."group_id" = $1 LIMIT $2[0m  [["group_id", 8], ["LIMIT", 1]]
[active_model_serializers]   ↳ app/controllers/api/v1/groups_controller.rb:8
[active_model_serializers]   [1m[36mUserGroup Load (0.5ms)[0m  [1m[34mSELECT "user_groups".* FROM "user_groups" WHERE "user_groups"."group_id" = $1[0m  [["group_id", 9]]
[active_model_serializers]   ↳ app/controllers/api/v1/groups_controller.rb:8
[active_model_serializers]   [1m[36mUser Load (0.6ms)[0m  [1m[34mSELECT "users".* FROM "users" INNER JOIN "user_groups" ON "users"."id" = "user_groups"."user_id" WHERE "user_groups"."group_id" = $1[0m  [["group_id", 9]]
[active_model_serializers]   ↳ app/controllers/api/v1/groups_controller.rb:8
[active_model_serializers]   [1m[36mInvitation Load (0.2ms)[0m  [1m[34mSELECT "invitations".* FROM "invitations" WHERE "invitations"."group_id" = $1[0m  [["group_id", 9]]
[active_model_serializers]   ↳ app/controllers/api/v1/groups_controller.rb:8
[active_model_serializers]   [1m[36mRequest Load (0.2ms)[0m  [1m[34mSELECT "requests".* FROM "requests" WHERE "requests"."group_id" = $1[0m  [["group_id", 9]]
[active_model_serializers]   ↳ app/controllers/api/v1/groups_controller.rb:8
[active_model_serializers]   [1m[36mConversation Load (0.3ms)[0m  [1m[34mSELECT  "conversations".* FROM "conversations" WHERE "conversations"."group_id" = $1 LIMIT $2[0m  [["group_id", 9], ["LIMIT", 1]]
[active_model_serializers]   ↳ app/controllers/api/v1/groups_controller.rb:8
[active_model_serializers]   [1m[36mUserGroup Load (4.6ms)[0m  [1m[34mSELECT "user_groups".* FROM "user_groups" WHERE "user_groups"."group_id" = $1[0m  [["group_id", 10]]
[active_model_serializers]   ↳ app/controllers/api/v1/groups_controller.rb:8
[active_model_serializers]   [1m[36mUser Load (0.5ms)[0m  [1m[34mSELECT "users".* FROM "users" INNER JOIN "user_groups" ON "users"."id" = "user_groups"."user_id" WHERE "user_groups"."group_id" = $1[0m  [["group_id", 10]]
[active_model_serializers]   ↳ app/controllers/api/v1/groups_controller.rb:8
[active_model_serializers]   [1m[36mInvitation Load (0.3ms)[0m  [1m[34mSELECT "invitations".* FROM "invitations" WHERE "invitations"."group_id" = $1[0m  [["group_id", 10]]
[active_model_serializers]   ↳ app/controllers/api/v1/groups_controller.rb:8
[active_model_serializers]   [1m[36mRequest Load (0.4ms)[0m  [1m[34mSELECT "requests".* FROM "requests" WHERE "requests"."group_id" = $1[0m  [["group_id", 10]]
[active_model_serializers]   ↳ app/controllers/api/v1/groups_controller.rb:8
[active_model_serializers]   [1m[36mConversation Load (0.2ms)[0m  [1m[34mSELECT  "conversations".* FROM "conversations" WHERE "conversations"."group_id" = $1 LIMIT $2[0m  [["group_id", 10], ["LIMIT", 1]]
[active_model_serializers]   ↳ app/controllers/api/v1/groups_controller.rb:8
[active_model_serializers]   [1m[36mUserGroup Load (0.5ms)[0m  [1m[34mSELECT "user_groups".* FROM "user_groups" WHERE "user_groups"."group_id" = $1[0m  [["group_id", 11]]
[active_model_serializers]   ↳ app/controllers/api/v1/groups_controller.rb:8
[active_model_serializers]   [1m[36mUser Load (2.2ms)[0m  [1m[34mSELECT "users".* FROM "users" INNER JOIN "user_groups" ON "users"."id" = "user_groups"."user_id" WHERE "user_groups"."group_id" = $1[0m  [["group_id", 11]]
[active_model_serializers]   ↳ app/controllers/api/v1/groups_controller.rb:8
[active_model_serializers]   [1m[36mInvitation Load (0.4ms)[0m  [1m[34mSELECT "invitations".* FROM "invitations" WHERE "invitations"."group_id" = $1[0m  [["group_id", 11]]
[active_model_serializers]   ↳ app/controllers/api/v1/groups_controller.rb:8
[active_model_serializers]   [1m[36mRequest Load (0.4ms)[0m  [1m[34mSELECT "requests".* FROM "requests" WHERE "requests"."group_id" = $1[0m  [["group_id", 11]]
[active_model_serializers]   ↳ app/controllers/api/v1/groups_controller.rb:8
[active_model_serializers]   [1m[36mConversation Load (0.2ms)[0m  [1m[34mSELECT  "conversations".* FROM "conversations" WHERE "conversations"."group_id" = $1 LIMIT $2[0m  [["group_id", 11], ["LIMIT", 1]]
[active_model_serializers]   ↳ app/controllers/api/v1/groups_controller.rb:8
[active_model_serializers]   [1m[36mUserGroup Load (0.3ms)[0m  [1m[34mSELECT "user_groups".* FROM "user_groups" WHERE "user_groups"."group_id" = $1[0m  [["group_id", 12]]
[active_model_serializers]   ↳ app/controllers/api/v1/groups_controller.rb:8
[active_model_serializers]   [1m[36mUser Load (0.3ms)[0m  [1m[34mSELECT "users".* FROM "users" INNER JOIN "user_groups" ON "users"."id" = "user_groups"."user_id" WHERE "user_groups"."group_id" = $1[0m  [["group_id", 12]]
[active_model_serializers]   ↳ app/controllers/api/v1/groups_controller.rb:8
[active_model_serializers]   [1m[36mInvitation Load (0.2ms)[0m  [1m[34mSELECT "invitations".* FROM "invitations" WHERE "invitations"."group_id" = $1[0m  [["group_id", 12]]
[active_model_serializers]   ↳ app/controllers/api/v1/groups_controller.rb:8
[active_model_serializers]   [1m[36mRequest Load (0.3ms)[0m  [1m[34mSELECT "requests".* FROM "requests" WHERE "requests"."group_id" = $1[0m  [["group_id", 12]]
[active_model_serializers]   ↳ app/controllers/api/v1/groups_controller.rb:8
[active_model_serializers]   [1m[36mConversation Load (0.2ms)[0m  [1m[34mSELECT  "conversations".* FROM "conversations" WHERE "conversations"."group_id" = $1 LIMIT $2[0m  [["group_id", 12], ["LIMIT", 1]]
[active_model_serializers]   ↳ app/controllers/api/v1/groups_controller.rb:8
[active_model_serializers]   [1m[36mUserGroup Load (0.3ms)[0m  [1m[34mSELECT "user_groups".* FROM "user_groups" WHERE "user_groups"."group_id" = $1[0m  [["group_id", 13]]
[active_model_serializers]   ↳ app/controllers/api/v1/groups_controller.rb:8
[active_model_serializers]   [1m[36mUser Load (0.7ms)[0m  [1m[34mSELECT "users".* FROM "users" INNER JOIN "user_groups" ON "users"."id" = "user_groups"."user_id" WHERE "user_groups"."group_id" = $1[0m  [["group_id", 13]]
[active_model_serializers]   ↳ app/controllers/api/v1/groups_controller.rb:8
[active_model_serializers]   [1m[36mInvitation Load (0.2ms)[0m  [1m[34mSELECT "invitations".* FROM "invitations" WHERE "invitations"."group_id" = $1[0m  [["group_id", 13]]
[active_model_serializers]   ↳ app/controllers/api/v1/groups_controller.rb:8
[active_model_serializers]   [1m[36mRequest Load (0.3ms)[0m  [1m[34mSELECT "requests".* FROM "requests" WHERE "requests"."group_id" = $1[0m  [["group_id", 13]]
[active_model_serializers]   ↳ app/controllers/api/v1/groups_controller.rb:8
[active_model_serializers]   [1m[36mConversation Load (0.2ms)[0m  [1m[34mSELECT  "conversations".* FROM "conversations" WHERE "conversations"."group_id" = $1 LIMIT $2[0m  [["group_id", 13], ["LIMIT", 1]]
[active_model_serializers]   ↳ app/controllers/api/v1/groups_controller.rb:8
[active_model_serializers]   [1m[36mUserGroup Load (0.4ms)[0m  [1m[34mSELECT "user_groups".* FROM "user_groups" WHERE "user_groups"."group_id" = $1[0m  [["group_id", 14]]
[active_model_serializers]   ↳ app/controllers/api/v1/groups_controller.rb:8
[active_model_serializers]   [1m[36mUser Load (0.4ms)[0m  [1m[34mSELECT "users".* FROM "users" INNER JOIN "user_groups" ON "users"."id" = "user_groups"."user_id" WHERE "user_groups"."group_id" = $1[0m  [["group_id", 14]]
[active_model_serializers]   ↳ app/controllers/api/v1/groups_controller.rb:8
[active_model_serializers]   [1m[36mInvitation Load (0.3ms)[0m  [1m[34mSELECT "invitations".* FROM "invitations" WHERE "invitations"."group_id" = $1[0m  [["group_id", 14]]
[active_model_serializers]   ↳ app/controllers/api/v1/groups_controller.rb:8
[active_model_serializers]   [1m[36mRequest Load (0.2ms)[0m  [1m[34mSELECT "requests".* FROM "requests" WHERE "requests"."group_id" = $1[0m  [["group_id", 14]]
[active_model_serializers]   ↳ app/controllers/api/v1/groups_controller.rb:8
[active_model_serializers]   [1m[36mConversation Load (0.2ms)[0m  [1m[34mSELECT  "conversations".* FROM "conversations" WHERE "conversations"."group_id" = $1 LIMIT $2[0m  [["group_id", 14], ["LIMIT", 1]]
[active_model_serializers]   ↳ app/controllers/api/v1/groups_controller.rb:8
[active_model_serializers]   [1m[36mUserGroup Load (0.2ms)[0m  [1m[34mSELECT "user_groups".* FROM "user_groups" WHERE "user_groups"."group_id" = $1[0m  [["group_id", 15]]
[active_model_serializers]   ↳ app/controllers/api/v1/groups_controller.rb:8
[active_model_serializers]   [1m[36mUser Load (0.4ms)[0m  [1m[34mSELECT "users".* FROM "users" INNER JOIN "user_groups" ON "users"."id" = "user_groups"."user_id" WHERE "user_groups"."group_id" = $1[0m  [["group_id", 15]]
[active_model_serializers]   ↳ app/controllers/api/v1/groups_controller.rb:8
[active_model_serializers]   [1m[36mInvitation Load (0.2ms)[0m  [1m[34mSELECT "invitations".* FROM "invitations" WHERE "invitations"."group_id" = $1[0m  [["group_id", 15]]
[active_model_serializers]   ↳ app/controllers/api/v1/groups_controller.rb:8
[active_model_serializers]   [1m[36mRequest Load (0.2ms)[0m  [1m[34mSELECT "requests".* FROM "requests" WHERE "requests"."group_id" = $1[0m  [["group_id", 15]]
[active_model_serializers]   ↳ app/controllers/api/v1/groups_controller.rb:8
[active_model_serializers]   [1m[36mConversation Load (0.7ms)[0m  [1m[34mSELECT  "conversations".* FROM "conversations" WHERE "conversations"."group_id" = $1 LIMIT $2[0m  [["group_id", 15], ["LIMIT", 1]]
[active_model_serializers]   ↳ app/controllers/api/v1/groups_controller.rb:8
[active_model_serializers]   [1m[36mUserGroup Load (0.4ms)[0m  [1m[34mSELECT "user_groups".* FROM "user_groups" WHERE "user_groups"."group_id" = $1[0m  [["group_id", 16]]
[active_model_serializers]   ↳ app/controllers/api/v1/groups_controller.rb:8
[active_model_serializers]   [1m[36mUser Load (0.5ms)[0m  [1m[34mSELECT "users".* FROM "users" INNER JOIN "user_groups" ON "users"."id" = "user_groups"."user_id" WHERE "user_groups"."group_id" = $1[0m  [["group_id", 16]]
[active_model_serializers]   ↳ app/controllers/api/v1/groups_controller.rb:8
[active_model_serializers]   [1m[36mInvitation Load (0.6ms)[0m  [1m[34mSELECT "invitations".* FROM "invitations" WHERE "invitations"."group_id" = $1[0m  [["group_id", 16]]
[active_model_serializers]   ↳ app/controllers/api/v1/groups_controller.rb:8
[active_model_serializers]   [1m[36mRequest Load (0.2ms)[0m  [1m[34mSELECT "requests".* FROM "requests" WHERE "requests"."group_id" = $1[0m  [["group_id", 16]]
[active_model_serializers]   ↳ app/controllers/api/v1/groups_controller.rb:8
[active_model_serializers]   [1m[36mConversation Load (0.2ms)[0m  [1m[34mSELECT  "conversations".* FROM "conversations" WHERE "conversations"."group_id" = $1 LIMIT $2[0m  [["group_id", 16], ["LIMIT", 1]]
[active_model_serializers]   ↳ app/controllers/api/v1/groups_controller.rb:8
[active_model_serializers]   [1m[36mUserGroup Load (0.3ms)[0m  [1m[34mSELECT "user_groups".* FROM "user_groups" WHERE "user_groups"."group_id" = $1[0m  [["group_id", 17]]
[active_model_serializers]   ↳ app/controllers/api/v1/groups_controller.rb:8
[active_model_serializers]   [1m[36mUser Load (0.5ms)[0m  [1m[34mSELECT "users".* FROM "users" INNER JOIN "user_groups" ON "users"."id" = "user_groups"."user_id" WHERE "user_groups"."group_id" = $1[0m  [["group_id", 17]]
[active_model_serializers]   ↳ app/controllers/api/v1/groups_controller.rb:8
[active_model_serializers]   [1m[36mInvitation Load (0.2ms)[0m  [1m[34mSELECT "invitations".* FROM "invitations" WHERE "invitations"."group_id" = $1[0m  [["group_id", 17]]
[active_model_serializers]   ↳ app/controllers/api/v1/groups_controller.rb:8
[active_model_serializers]   [1m[36mRequest Load (0.2ms)[0m  [1m[34mSELECT "requests".* FROM "requests" WHERE "requests"."group_id" = $1[0m  [["group_id", 17]]
[active_model_serializers]   ↳ app/controllers/api/v1/groups_controller.rb:8
[active_model_serializers]   [1m[36mConversation Load (0.2ms)[0m  [1m[34mSELECT  "conversations".* FROM "conversations" WHERE "conversations"."group_id" = $1 LIMIT $2[0m  [["group_id", 17], ["LIMIT", 1]]
[active_model_serializers]   ↳ app/controllers/api/v1/groups_controller.rb:8
[active_model_serializers]   [1m[36mUserGroup Load (0.2ms)[0m  [1m[34mSELECT "user_groups".* FROM "user_groups" WHERE "user_groups"."group_id" = $1[0m  [["group_id", 18]]
[active_model_serializers]   ↳ app/controllers/api/v1/groups_controller.rb:8
[active_model_serializers]   [1m[36mUser Load (0.5ms)[0m  [1m[34mSELECT "users".* FROM "users" INNER JOIN "user_groups" ON "users"."id" = "user_groups"."user_id" WHERE "user_groups"."group_id" = $1[0m  [["group_id", 18]]
[active_model_serializers]   ↳ app/controllers/api/v1/groups_controller.rb:8
[active_model_serializers]   [1m[36mInvitation Load (0.3ms)[0m  [1m[34mSELECT "invitations".* FROM "invitations" WHERE "invitations"."group_id" = $1[0m  [["group_id", 18]]
[active_model_serializers]   ↳ app/controllers/api/v1/groups_controller.rb:8
[active_model_serializers]   [1m[36mRequest Load (0.2ms)[0m  [1m[34mSELECT "requests".* FROM "requests" WHERE "requests"."group_id" = $1[0m  [["group_id", 18]]
[active_model_serializers]   ↳ app/controllers/api/v1/groups_controller.rb:8
[active_model_serializers]   [1m[36mConversation Load (0.3ms)[0m  [1m[34mSELECT  "conversations".* FROM "conversations" WHERE "conversations"."group_id" = $1 LIMIT $2[0m  [["group_id", 18], ["LIMIT", 1]]
[active_model_serializers]   ↳ app/controllers/api/v1/groups_controller.rb:8
[active_model_serializers]   [1m[36mUserGroup Load (0.6ms)[0m  [1m[34mSELECT "user_groups".* FROM "user_groups" WHERE "user_groups"."group_id" = $1[0m  [["group_id", 19]]
[active_model_serializers]   ↳ app/controllers/api/v1/groups_controller.rb:8
[active_model_serializers]   [1m[36mUser Load (0.7ms)[0m  [1m[34mSELECT "users".* FROM "users" INNER JOIN "user_groups" ON "users"."id" = "user_groups"."user_id" WHERE "user_groups"."group_id" = $1[0m  [["group_id", 19]]
[active_model_serializers]   ↳ app/controllers/api/v1/groups_controller.rb:8
[active_model_serializers]   [1m[36mInvitation Load (0.2ms)[0m  [1m[34mSELECT "invitations".* FROM "invitations" WHERE "invitations"."group_id" = $1[0m  [["group_id", 19]]
[active_model_serializers]   ↳ app/controllers/api/v1/groups_controller.rb:8
[active_model_serializers]   [1m[36mRequest Load (0.2ms)[0m  [1m[34mSELECT "requests".* FROM "requests" WHERE "requests"."group_id" = $1[0m  [["group_id", 19]]
[active_model_serializers]   ↳ app/controllers/api/v1/groups_controller.rb:8
[active_model_serializers]   [1m[36mConversation Load (0.2ms)[0m  [1m[34mSELECT  "conversations".* FROM "conversations" WHERE "conversations"."group_id" = $1 LIMIT $2[0m  [["group_id", 19], ["LIMIT", 1]]
[active_model_serializers]   ↳ app/controllers/api/v1/groups_controller.rb:8
[active_model_serializers]   [1m[36mUserGroup Load (0.4ms)[0m  [1m[34mSELECT "user_groups".* FROM "user_groups" WHERE "user_groups"."group_id" = $1[0m  [["group_id", 20]]
[active_model_serializers]   ↳ app/controllers/api/v1/groups_controller.rb:8
[active_model_serializers]   [1m[36mUser Load (0.5ms)[0m  [1m[34mSELECT "users".* FROM "users" INNER JOIN "user_groups" ON "users"."id" = "user_groups"."user_id" WHERE "user_groups"."group_id" = $1[0m  [["group_id", 20]]
[active_model_serializers]   ↳ app/controllers/api/v1/groups_controller.rb:8
[active_model_serializers]   [1m[36mInvitation Load (0.2ms)[0m  [1m[34mSELECT "invitations".* FROM "invitations" WHERE "invitations"."group_id" = $1[0m  [["group_id", 20]]
[active_model_serializers]   ↳ app/controllers/api/v1/groups_controller.rb:8
[active_model_serializers]   [1m[36mRequest Load (2.3ms)[0m  [1m[34mSELECT "requests".* FROM "requests" WHERE "requests"."group_id" = $1[0m  [["group_id", 20]]
[active_model_serializers]   ↳ app/controllers/api/v1/groups_controller.rb:8
[active_model_serializers]   [1m[36mConversation Load (0.2ms)[0m  [1m[34mSELECT  "conversations".* FROM "conversations" WHERE "conversations"."group_id" = $1 LIMIT $2[0m  [["group_id", 20], ["LIMIT", 1]]
[active_model_serializers]   ↳ app/controllers/api/v1/groups_controller.rb:8
[active_model_serializers]   [1m[36mUserGroup Load (0.3ms)[0m  [1m[34mSELECT "user_groups".* FROM "user_groups" WHERE "user_groups"."group_id" = $1[0m  [["group_id", 21]]
[active_model_serializers]   ↳ app/controllers/api/v1/groups_controller.rb:8
[active_model_serializers]   [1m[36mUser Load (2.2ms)[0m  [1m[34mSELECT "users".* FROM "users" INNER JOIN "user_groups" ON "users"."id" = "user_groups"."user_id" WHERE "user_groups"."group_id" = $1[0m  [["group_id", 21]]
[active_model_serializers]   ↳ app/controllers/api/v1/groups_controller.rb:8
[active_model_serializers]   [1m[36mInvitation Load (0.2ms)[0m  [1m[34mSELECT "invitations".* FROM "invitations" WHERE "invitations"."group_id" = $1[0m  [["group_id", 21]]
[active_model_serializers]   ↳ app/controllers/api/v1/groups_controller.rb:8
[active_model_serializers]   [1m[36mRequest Load (0.8ms)[0m  [1m[34mSELECT "requests".* FROM "requests" WHERE "requests"."group_id" = $1[0m  [["group_id", 21]]
[active_model_serializers]   ↳ app/controllers/api/v1/groups_controller.rb:8
[active_model_serializers]   [1m[36mConversation Load (0.2ms)[0m  [1m[34mSELECT  "conversations".* FROM "conversations" WHERE "conversations"."group_id" = $1 LIMIT $2[0m  [["group_id", 21], ["LIMIT", 1]]
[active_model_serializers]   ↳ app/controllers/api/v1/groups_controller.rb:8
[active_model_serializers]   [1m[36mUserGroup Load (0.3ms)[0m  [1m[34mSELECT "user_groups".* FROM "user_groups" WHERE "user_groups"."group_id" = $1[0m  [["group_id", 22]]
[active_model_serializers]   ↳ app/controllers/api/v1/groups_controller.rb:8
[active_model_serializers]   [1m[36mUser Load (0.6ms)[0m  [1m[34mSELECT "users".* FROM "users" INNER JOIN "user_groups" ON "users"."id" = "user_groups"."user_id" WHERE "user_groups"."group_id" = $1[0m  [["group_id", 22]]
[active_model_serializers]   ↳ app/controllers/api/v1/groups_controller.rb:8
[active_model_serializers]   [1m[36mInvitation Load (0.5ms)[0m  [1m[34mSELECT "invitations".* FROM "invitations" WHERE "invitations"."group_id" = $1[0m  [["group_id", 22]]
[active_model_serializers]   ↳ app/controllers/api/v1/groups_controller.rb:8
[active_model_serializers]   [1m[36mRequest Load (0.4ms)[0m  [1m[34mSELECT "requests".* FROM "requests" WHERE "requests"."group_id" = $1[0m  [["group_id", 22]]
[active_model_serializers]   ↳ app/controllers/api/v1/groups_controller.rb:8
[active_model_serializers]   [1m[36mConversation Load (0.3ms)[0m  [1m[34mSELECT  "conversations".* FROM "conversations" WHERE "conversations"."group_id" = $1 LIMIT $2[0m  [["group_id", 22], ["LIMIT", 1]]
[active_model_serializers]   ↳ app/controllers/api/v1/groups_controller.rb:8
[active_model_serializers]   [1m[36mUserGroup Load (0.3ms)[0m  [1m[34mSELECT "user_groups".* FROM "user_groups" WHERE "user_groups"."group_id" = $1[0m  [["group_id", 23]]
[active_model_serializers]   ↳ app/controllers/api/v1/groups_controller.rb:8
[active_model_serializers]   [1m[36mUser Load (0.3ms)[0m  [1m[34mSELECT "users".* FROM "users" INNER JOIN "user_groups" ON "users"."id" = "user_groups"."user_id" WHERE "user_groups"."group_id" = $1[0m  [["group_id", 23]]
[active_model_serializers]   ↳ app/controllers/api/v1/groups_controller.rb:8
[active_model_serializers]   [1m[36mInvitation Load (0.2ms)[0m  [1m[34mSELECT "invitations".* FROM "invitations" WHERE "invitations"."group_id" = $1[0m  [["group_id", 23]]
[active_model_serializers]   ↳ app/controllers/api/v1/groups_controller.rb:8
[active_model_serializers]   [1m[36mRequest Load (0.2ms)[0m  [1m[34mSELECT "requests".* FROM "requests" WHERE "requests"."group_id" = $1[0m  [["group_id", 23]]
[active_model_serializers]   ↳ app/controllers/api/v1/groups_controller.rb:8
[active_model_serializers]   [1m[36mConversation Load (0.2ms)[0m  [1m[34mSELECT  "conversations".* FROM "conversations" WHERE "conversations"."group_id" = $1 LIMIT $2[0m  [["group_id", 23], ["LIMIT", 1]]
[active_model_serializers]   ↳ app/controllers/api/v1/groups_controller.rb:8
[active_model_serializers]   [1m[36mUserGroup Load (0.3ms)[0m  [1m[34mSELECT "user_groups".* FROM "user_groups" WHERE "user_groups"."group_id" = $1[0m  [["group_id", 24]]
[active_model_serializers]   ↳ app/controllers/api/v1/groups_controller.rb:8
[active_model_serializers]   [1m[36mUser Load (0.4ms)[0m  [1m[34mSELECT "users".* FROM "users" INNER JOIN "user_groups" ON "users"."id" = "user_groups"."user_id" WHERE "user_groups"."group_id" = $1[0m  [["group_id", 24]]
[active_model_serializers]   ↳ app/controllers/api/v1/groups_controller.rb:8
[active_model_serializers]   [1m[36mInvitation Load (0.3ms)[0m  [1m[34mSELECT "invitations".* FROM "invitations" WHERE "invitations"."group_id" = $1[0m  [["group_id", 24]]
[active_model_serializers]   ↳ app/controllers/api/v1/groups_controller.rb:8
[active_model_serializers]   [1m[36mRequest Load (0.2ms)[0m  [1m[34mSELECT "requests".* FROM "requests" WHERE "requests"."group_id" = $1[0m  [["group_id", 24]]
[active_model_serializers]   ↳ app/controllers/api/v1/groups_controller.rb:8
[active_model_serializers]   [1m[36mConversation Load (0.2ms)[0m  [1m[34mSELECT  "conversations".* FROM "conversations" WHERE "conversations"."group_id" = $1 LIMIT $2[0m  [["group_id", 24], ["LIMIT", 1]]
[active_model_serializers]   ↳ app/controllers/api/v1/groups_controller.rb:8
[active_model_serializers]   [1m[36mUserGroup Load (0.4ms)[0m  [1m[34mSELECT "user_groups".* FROM "user_groups" WHERE "user_groups"."group_id" = $1[0m  [["group_id", 25]]
[active_model_serializers]   ↳ app/controllers/api/v1/groups_controller.rb:8
[active_model_serializers]   [1m[36mUser Load (1.0ms)[0m  [1m[34mSELECT "users".* FROM "users" INNER JOIN "user_groups" ON "users"."id" = "user_groups"."user_id" WHERE "user_groups"."group_id" = $1[0m  [["group_id", 25]]
[active_model_serializers]   ↳ app/controllers/api/v1/groups_controller.rb:8
[active_model_serializers]   [1m[36mInvitation Load (0.2ms)[0m  [1m[34mSELECT "invitations".* FROM "invitations" WHERE "invitations"."group_id" = $1[0m  [["group_id", 25]]
[active_model_serializers]   ↳ app/controllers/api/v1/groups_controller.rb:8
[active_model_serializers]   [1m[36mRequest Load (0.3ms)[0m  [1m[34mSELECT "requests".* FROM "requests" WHERE "requests"."group_id" = $1[0m  [["group_id", 25]]
[active_model_serializers]   ↳ app/controllers/api/v1/groups_controller.rb:8
[active_model_serializers]   [1m[36mConversation Load (0.2ms)[0m  [1m[34mSELECT  "conversations".* FROM "conversations" WHERE "conversations"."group_id" = $1 LIMIT $2[0m  [["group_id", 25], ["LIMIT", 1]]
[active_model_serializers]   ↳ app/controllers/api/v1/groups_controller.rb:8
[active_model_serializers] Rendered ActiveModel::Serializer::CollectionSerializer with ActiveModelSerializers::Adapter::Attributes (713.33ms)
Completed 401 Unauthorized in 824ms (Views: 696.2ms | ActiveRecord: 111.9ms)


Started GET "/" for 127.0.0.1 at 2018-09-24 11:24:16 -0400
Processing by Rails::WelcomeController#index as HTML
  Rendering /Users/orenmagid/.rvm/gems/ruby-2.3.3/gems/railties-5.2.1/lib/rails/templates/rails/welcome/index.html.erb
  Rendered /Users/orenmagid/.rvm/gems/ruby-2.3.3/gems/railties-5.2.1/lib/rails/templates/rails/welcome/index.html.erb (3.2ms)
Completed 200 OK in 11ms (Views: 6.1ms | ActiveRecord: 0.0ms)


Started GET "/api/v1/groups" for 127.0.0.1 at 2018-09-24 11:24:23 -0400
Processing by Api::V1::GroupsController#index as HTML
  [1m[36mGroup Load (2.3ms)[0m  [1m[34mSELECT "groups".* FROM "groups"[0m
  ↳ app/controllers/api/v1/groups_controller.rb:8
[active_model_serializers]   [1m[36mUserGroup Load (0.7ms)[0m  [1m[34mSELECT "user_groups".* FROM "user_groups" WHERE "user_groups"."group_id" = $1[0m  [["group_id", 1]]
[active_model_serializers]   ↳ app/controllers/api/v1/groups_controller.rb:8
[active_model_serializers]   [1m[36mUser Load (1.8ms)[0m  [1m[34mSELECT "users".* FROM "users" INNER JOIN "user_groups" ON "users"."id" = "user_groups"."user_id" WHERE "user_groups"."group_id" = $1[0m  [["group_id", 1]]
[active_model_serializers]   ↳ app/controllers/api/v1/groups_controller.rb:8
[active_model_serializers]   [1m[36mInvitation Load (0.5ms)[0m  [1m[34mSELECT "invitations".* FROM "invitations" WHERE "invitations"."group_id" = $1[0m  [["group_id", 1]]
[active_model_serializers]   ↳ app/controllers/api/v1/groups_controller.rb:8
[active_model_serializers]   [1m[36mRequest Load (0.5ms)[0m  [1m[34mSELECT "requests".* FROM "requests" WHERE "requests"."group_id" = $1[0m  [["group_id", 1]]
[active_model_serializers]   ↳ app/controllers/api/v1/groups_controller.rb:8
[active_model_serializers]   [1m[36mConversation Load (0.8ms)[0m  [1m[34mSELECT  "conversations".* FROM "conversations" WHERE "conversations"."group_id" = $1 LIMIT $2[0m  [["group_id", 1], ["LIMIT", 1]]
[active_model_serializers]   ↳ app/controllers/api/v1/groups_controller.rb:8
[active_model_serializers]   [1m[36mUserGroup Load (0.4ms)[0m  [1m[34mSELECT "user_groups".* FROM "user_groups" WHERE "user_groups"."group_id" = $1[0m  [["group_id", 2]]
[active_model_serializers]   ↳ app/controllers/api/v1/groups_controller.rb:8
[active_model_serializers]   [1m[36mUser Load (0.7ms)[0m  [1m[34mSELECT "users".* FROM "users" INNER JOIN "user_groups" ON "users"."id" = "user_groups"."user_id" WHERE "user_groups"."group_id" = $1[0m  [["group_id", 2]]
[active_model_serializers]   ↳ app/controllers/api/v1/groups_controller.rb:8
[active_model_serializers]   [1m[36mInvitation Load (0.3ms)[0m  [1m[34mSELECT "invitations".* FROM "invitations" WHERE "invitations"."group_id" = $1[0m  [["group_id", 2]]
[active_model_serializers]   ↳ app/controllers/api/v1/groups_controller.rb:8
[active_model_serializers]   [1m[36mRequest Load (0.3ms)[0m  [1m[34mSELECT "requests".* FROM "requests" WHERE "requests"."group_id" = $1[0m  [["group_id", 2]]
[active_model_serializers]   ↳ app/controllers/api/v1/groups_controller.rb:8
[active_model_serializers]   [1m[36mConversation Load (0.4ms)[0m  [1m[34mSELECT  "conversations".* FROM "conversations" WHERE "conversations"."group_id" = $1 LIMIT $2[0m  [["group_id", 2], ["LIMIT", 1]]
[active_model_serializers]   ↳ app/controllers/api/v1/groups_controller.rb:8
[active_model_serializers]   [1m[36mUserGroup Load (0.5ms)[0m  [1m[34mSELECT "user_groups".* FROM "user_groups" WHERE "user_groups"."group_id" = $1[0m  [["group_id", 3]]
[active_model_serializers]   ↳ app/controllers/api/v1/groups_controller.rb:8
[active_model_serializers]   [1m[36mUser Load (1.1ms)[0m  [1m[34mSELECT "users".* FROM "users" INNER JOIN "user_groups" ON "users"."id" = "user_groups"."user_id" WHERE "user_groups"."group_id" = $1[0m  [["group_id", 3]]
[active_model_serializers]   ↳ app/controllers/api/v1/groups_controller.rb:8
[active_model_serializers]   [1m[36mInvitation Load (0.2ms)[0m  [1m[34mSELECT "invitations".* FROM "invitations" WHERE "invitations"."group_id" = $1[0m  [["group_id", 3]]
[active_model_serializers]   ↳ app/controllers/api/v1/groups_controller.rb:8
[active_model_serializers]   [1m[36mRequest Load (0.2ms)[0m  [1m[34mSELECT "requests".* FROM "requests" WHERE "requests"."group_id" = $1[0m  [["group_id", 3]]
[active_model_serializers]   ↳ app/controllers/api/v1/groups_controller.rb:8
[active_model_serializers]   [1m[36mConversation Load (0.3ms)[0m  [1m[34mSELECT  "conversations".* FROM "conversations" WHERE "conversations"."group_id" = $1 LIMIT $2[0m  [["group_id", 3], ["LIMIT", 1]]
[active_model_serializers]   ↳ app/controllers/api/v1/groups_controller.rb:8
[active_model_serializers]   [1m[36mUserGroup Load (0.5ms)[0m  [1m[34mSELECT "user_groups".* FROM "user_groups" WHERE "user_groups"."group_id" = $1[0m  [["group_id", 4]]
[active_model_serializers]   ↳ app/controllers/api/v1/groups_controller.rb:8
[active_model_serializers]   [1m[36mUser Load (1.1ms)[0m  [1m[34mSELECT "users".* FROM "users" INNER JOIN "user_groups" ON "users"."id" = "user_groups"."user_id" WHERE "user_groups"."group_id" = $1[0m  [["group_id", 4]]
[active_model_serializers]   ↳ app/controllers/api/v1/groups_controller.rb:8
[active_model_serializers]   [1m[36mInvitation Load (0.2ms)[0m  [1m[34mSELECT "invitations".* FROM "invitations" WHERE "invitations"."group_id" = $1[0m  [["group_id", 4]]
[active_model_serializers]   ↳ app/controllers/api/v1/groups_controller.rb:8
[active_model_serializers]   [1m[36mRequest Load (0.3ms)[0m  [1m[34mSELECT "requests".* FROM "requests" WHERE "requests"."group_id" = $1[0m  [["group_id", 4]]
[active_model_serializers]   ↳ app/controllers/api/v1/groups_controller.rb:8
[active_model_serializers]   [1m[36mConversation Load (0.2ms)[0m  [1m[34mSELECT  "conversations".* FROM "conversations" WHERE "conversations"."group_id" = $1 LIMIT $2[0m  [["group_id", 4], ["LIMIT", 1]]
[active_model_serializers]   ↳ app/controllers/api/v1/groups_controller.rb:8
[active_model_serializers]   [1m[36mUserGroup Load (0.3ms)[0m  [1m[34mSELECT "user_groups".* FROM "user_groups" WHERE "user_groups"."group_id" = $1[0m  [["group_id", 5]]
[active_model_serializers]   ↳ app/controllers/api/v1/groups_controller.rb:8
[active_model_serializers]   [1m[36mUser Load (0.6ms)[0m  [1m[34mSELECT "users".* FROM "users" INNER JOIN "user_groups" ON "users"."id" = "user_groups"."user_id" WHERE "user_groups"."group_id" = $1[0m  [["group_id", 5]]
[active_model_serializers]   ↳ app/controllers/api/v1/groups_controller.rb:8
[active_model_serializers]   [1m[36mInvitation Load (0.3ms)[0m  [1m[34mSELECT "invitations".* FROM "invitations" WHERE "invitations"."group_id" = $1[0m  [["group_id", 5]]
[active_model_serializers]   ↳ app/controllers/api/v1/groups_controller.rb:8
[active_model_serializers]   [1m[36mRequest Load (0.4ms)[0m  [1m[34mSELECT "requests".* FROM "requests" WHERE "requests"."group_id" = $1[0m  [["group_id", 5]]
[active_model_serializers]   ↳ app/controllers/api/v1/groups_controller.rb:8
[active_model_serializers]   [1m[36mConversation Load (0.3ms)[0m  [1m[34mSELECT  "conversations".* FROM "conversations" WHERE "conversations"."group_id" = $1 LIMIT $2[0m  [["group_id", 5], ["LIMIT", 1]]
[active_model_serializers]   ↳ app/controllers/api/v1/groups_controller.rb:8
[active_model_serializers]   [1m[36mUserGroup Load (0.4ms)[0m  [1m[34mSELECT "user_groups".* FROM "user_groups" WHERE "user_groups"."group_id" = $1[0m  [["group_id", 6]]
[active_model_serializers]   ↳ app/controllers/api/v1/groups_controller.rb:8
[active_model_serializers]   [1m[36mUser Load (0.6ms)[0m  [1m[34mSELECT "users".* FROM "users" INNER JOIN "user_groups" ON "users"."id" = "user_groups"."user_id" WHERE "user_groups"."group_id" = $1[0m  [["group_id", 6]]
[active_model_serializers]   ↳ app/controllers/api/v1/groups_controller.rb:8
[active_model_serializers]   [1m[36mInvitation Load (0.2ms)[0m  [1m[34mSELECT "invitations".* FROM "invitations" WHERE "invitations"."group_id" = $1[0m  [["group_id", 6]]
[active_model_serializers]   ↳ app/controllers/api/v1/groups_controller.rb:8
[active_model_serializers]   [1m[36mRequest Load (0.3ms)[0m  [1m[34mSELECT "requests".* FROM "requests" WHERE "requests"."group_id" = $1[0m  [["group_id", 6]]
[active_model_serializers]   ↳ app/controllers/api/v1/groups_controller.rb:8
[active_model_serializers]   [1m[36mConversation Load (0.3ms)[0m  [1m[34mSELECT  "conversations".* FROM "conversations" WHERE "conversations"."group_id" = $1 LIMIT $2[0m  [["group_id", 6], ["LIMIT", 1]]
[active_model_serializers]   ↳ app/controllers/api/v1/groups_controller.rb:8
[active_model_serializers]   [1m[36mUserGroup Load (0.5ms)[0m  [1m[34mSELECT "user_groups".* FROM "user_groups" WHERE "user_groups"."group_id" = $1[0m  [["group_id", 7]]
[active_model_serializers]   ↳ app/controllers/api/v1/groups_controller.rb:8
[active_model_serializers]   [1m[36mUser Load (0.7ms)[0m  [1m[34mSELECT "users".* FROM "users" INNER JOIN "user_groups" ON "users"."id" = "user_groups"."user_id" WHERE "user_groups"."group_id" = $1[0m  [["group_id", 7]]
[active_model_serializers]   ↳ app/controllers/api/v1/groups_controller.rb:8
[active_model_serializers]   [1m[36mInvitation Load (0.3ms)[0m  [1m[34mSELECT "invitations".* FROM "invitations" WHERE "invitations"."group_id" = $1[0m  [["group_id", 7]]
[active_model_serializers]   ↳ app/controllers/api/v1/groups_controller.rb:8
[active_model_serializers]   [1m[36mRequest Load (0.7ms)[0m  [1m[34mSELECT "requests".* FROM "requests" WHERE "requests"."group_id" = $1[0m  [["group_id", 7]]
[active_model_serializers]   ↳ app/controllers/api/v1/groups_controller.rb:8
[active_model_serializers]   [1m[36mConversation Load (0.2ms)[0m  [1m[34mSELECT  "conversations".* FROM "conversations" WHERE "conversations"."group_id" = $1 LIMIT $2[0m  [["group_id", 7], ["LIMIT", 1]]
[active_model_serializers]   ↳ app/controllers/api/v1/groups_controller.rb:8
[active_model_serializers]   [1m[36mUserGroup Load (0.7ms)[0m  [1m[34mSELECT "user_groups".* FROM "user_groups" WHERE "user_groups"."group_id" = $1[0m  [["group_id", 8]]
[active_model_serializers]   ↳ app/controllers/api/v1/groups_controller.rb:8
[active_model_serializers]   [1m[36mUser Load (0.5ms)[0m  [1m[34mSELECT "users".* FROM "users" INNER JOIN "user_groups" ON "users"."id" = "user_groups"."user_id" WHERE "user_groups"."group_id" = $1[0m  [["group_id", 8]]
[active_model_serializers]   ↳ app/controllers/api/v1/groups_controller.rb:8
[active_model_serializers]   [1m[36mInvitation Load (0.3ms)[0m  [1m[34mSELECT "invitations".* FROM "invitations" WHERE "invitations"."group_id" = $1[0m  [["group_id", 8]]
[active_model_serializers]   ↳ app/controllers/api/v1/groups_controller.rb:8
[active_model_serializers]   [1m[36mRequest Load (0.2ms)[0m  [1m[34mSELECT "requests".* FROM "requests" WHERE "requests"."group_id" = $1[0m  [["group_id", 8]]
[active_model_serializers]   ↳ app/controllers/api/v1/groups_controller.rb:8
[active_model_serializers]   [1m[36mConversation Load (0.2ms)[0m  [1m[34mSELECT  "conversations".* FROM "conversations" WHERE "conversations"."group_id" = $1 LIMIT $2[0m  [["group_id", 8], ["LIMIT", 1]]
[active_model_serializers]   ↳ app/controllers/api/v1/groups_controller.rb:8
[active_model_serializers]   [1m[36mUserGroup Load (0.4ms)[0m  [1m[34mSELECT "user_groups".* FROM "user_groups" WHERE "user_groups"."group_id" = $1[0m  [["group_id", 9]]
[active_model_serializers]   ↳ app/controllers/api/v1/groups_controller.rb:8
[active_model_serializers]   [1m[36mUser Load (0.5ms)[0m  [1m[34mSELECT "users".* FROM "users" INNER JOIN "user_groups" ON "users"."id" = "user_groups"."user_id" WHERE "user_groups"."group_id" = $1[0m  [["group_id", 9]]
[active_model_serializers]   ↳ app/controllers/api/v1/groups_controller.rb:8
[active_model_serializers]   [1m[36mInvitation Load (0.3ms)[0m  [1m[34mSELECT "invitations".* FROM "invitations" WHERE "invitations"."group_id" = $1[0m  [["group_id", 9]]
[active_model_serializers]   ↳ app/controllers/api/v1/groups_controller.rb:8
[active_model_serializers]   [1m[36mRequest Load (0.2ms)[0m  [1m[34mSELECT "requests".* FROM "requests" WHERE "requests"."group_id" = $1[0m  [["group_id", 9]]
[active_model_serializers]   ↳ app/controllers/api/v1/groups_controller.rb:8
[active_model_serializers]   [1m[36mConversation Load (0.2ms)[0m  [1m[34mSELECT  "conversations".* FROM "conversations" WHERE "conversations"."group_id" = $1 LIMIT $2[0m  [["group_id", 9], ["LIMIT", 1]]
[active_model_serializers]   ↳ app/controllers/api/v1/groups_controller.rb:8
[active_model_serializers]   [1m[36mUserGroup Load (0.2ms)[0m  [1m[34mSELECT "user_groups".* FROM "user_groups" WHERE "user_groups"."group_id" = $1[0m  [["group_id", 10]]
[active_model_serializers]   ↳ app/controllers/api/v1/groups_controller.rb:8
[active_model_serializers]   [1m[36mUser Load (0.5ms)[0m  [1m[34mSELECT "users".* FROM "users" INNER JOIN "user_groups" ON "users"."id" = "user_groups"."user_id" WHERE "user_groups"."group_id" = $1[0m  [["group_id", 10]]
[active_model_serializers]   ↳ app/controllers/api/v1/groups_controller.rb:8
[active_model_serializers]   [1m[36mInvitation Load (0.4ms)[0m  [1m[34mSELECT "invitations".* FROM "invitations" WHERE "invitations"."group_id" = $1[0m  [["group_id", 10]]
[active_model_serializers]   ↳ app/controllers/api/v1/groups_controller.rb:8
[active_model_serializers]   [1m[36mRequest Load (0.4ms)[0m  [1m[34mSELECT "requests".* FROM "requests" WHERE "requests"."group_id" = $1[0m  [["group_id", 10]]
[active_model_serializers]   ↳ app/controllers/api/v1/groups_controller.rb:8
[active_model_serializers]   [1m[36mConversation Load (0.3ms)[0m  [1m[34mSELECT  "conversations".* FROM "conversations" WHERE "conversations"."group_id" = $1 LIMIT $2[0m  [["group_id", 10], ["LIMIT", 1]]
[active_model_serializers]   ↳ app/controllers/api/v1/groups_controller.rb:8
[active_model_serializers]   [1m[36mUserGroup Load (0.4ms)[0m  [1m[34mSELECT "user_groups".* FROM "user_groups" WHERE "user_groups"."group_id" = $1[0m  [["group_id", 11]]
[active_model_serializers]   ↳ app/controllers/api/v1/groups_controller.rb:8
[active_model_serializers]   [1m[36mUser Load (0.6ms)[0m  [1m[34mSELECT "users".* FROM "users" INNER JOIN "user_groups" ON "users"."id" = "user_groups"."user_id" WHERE "user_groups"."group_id" = $1[0m  [["group_id", 11]]
[active_model_serializers]   ↳ app/controllers/api/v1/groups_controller.rb:8
[active_model_serializers]   [1m[36mInvitation Load (0.2ms)[0m  [1m[34mSELECT "invitations".* FROM "invitations" WHERE "invitations"."group_id" = $1[0m  [["group_id", 11]]
[active_model_serializers]   ↳ app/controllers/api/v1/groups_controller.rb:8
[active_model_serializers]   [1m[36mRequest Load (0.2ms)[0m  [1m[34mSELECT "requests".* FROM "requests" WHERE "requests"."group_id" = $1[0m  [["group_id", 11]]
[active_model_serializers]   ↳ app/controllers/api/v1/groups_controller.rb:8
[active_model_serializers]   [1m[36mConversation Load (0.6ms)[0m  [1m[34mSELECT  "conversations".* FROM "conversations" WHERE "conversations"."group_id" = $1 LIMIT $2[0m  [["group_id", 11], ["LIMIT", 1]]
[active_model_serializers]   ↳ app/controllers/api/v1/groups_controller.rb:8
[active_model_serializers]   [1m[36mUserGroup Load (0.2ms)[0m  [1m[34mSELECT "user_groups".* FROM "user_groups" WHERE "user_groups"."group_id" = $1[0m  [["group_id", 12]]
[active_model_serializers]   ↳ app/controllers/api/v1/groups_controller.rb:8
[active_model_serializers]   [1m[36mUser Load (0.4ms)[0m  [1m[34mSELECT "users".* FROM "users" INNER JOIN "user_groups" ON "users"."id" = "user_groups"."user_id" WHERE "user_groups"."group_id" = $1[0m  [["group_id", 12]]
[active_model_serializers]   ↳ app/controllers/api/v1/groups_controller.rb:8
[active_model_serializers]   [1m[36mInvitation Load (0.2ms)[0m  [1m[34mSELECT "invitations".* FROM "invitations" WHERE "invitations"."group_id" = $1[0m  [["group_id", 12]]
[active_model_serializers]   ↳ app/controllers/api/v1/groups_controller.rb:8
[active_model_serializers]   [1m[36mRequest Load (0.2ms)[0m  [1m[34mSELECT "requests".* FROM "requests" WHERE "requests"."group_id" = $1[0m  [["group_id", 12]]
[active_model_serializers]   ↳ app/controllers/api/v1/groups_controller.rb:8
[active_model_serializers]   [1m[36mConversation Load (0.2ms)[0m  [1m[34mSELECT  "conversations".* FROM "conversations" WHERE "conversations"."group_id" = $1 LIMIT $2[0m  [["group_id", 12], ["LIMIT", 1]]
[active_model_serializers]   ↳ app/controllers/api/v1/groups_controller.rb:8
[active_model_serializers]   [1m[36mUserGroup Load (0.3ms)[0m  [1m[34mSELECT "user_groups".* FROM "user_groups" WHERE "user_groups"."group_id" = $1[0m  [["group_id", 13]]
[active_model_serializers]   ↳ app/controllers/api/v1/groups_controller.rb:8
[active_model_serializers]   [1m[36mUser Load (0.6ms)[0m  [1m[34mSELECT "users".* FROM "users" INNER JOIN "user_groups" ON "users"."id" = "user_groups"."user_id" WHERE "user_groups"."group_id" = $1[0m  [["group_id", 13]]
[active_model_serializers]   ↳ app/controllers/api/v1/groups_controller.rb:8
[active_model_serializers]   [1m[36mInvitation Load (0.2ms)[0m  [1m[34mSELECT "invitations".* FROM "invitations" WHERE "invitations"."group_id" = $1[0m  [["group_id", 13]]
[active_model_serializers]   ↳ app/controllers/api/v1/groups_controller.rb:8
[active_model_serializers]   [1m[36mRequest Load (0.1ms)[0m  [1m[34mSELECT "requests".* FROM "requests" WHERE "requests"."group_id" = $1[0m  [["group_id", 13]]
[active_model_serializers]   ↳ app/controllers/api/v1/groups_controller.rb:8
[active_model_serializers]   [1m[36mConversation Load (0.1ms)[0m  [1m[34mSELECT  "conversations".* FROM "conversations" WHERE "conversations"."group_id" = $1 LIMIT $2[0m  [["group_id", 13], ["LIMIT", 1]]
[active_model_serializers]   ↳ app/controllers/api/v1/groups_controller.rb:8
[active_model_serializers]   [1m[36mUserGroup Load (0.2ms)[0m  [1m[34mSELECT "user_groups".* FROM "user_groups" WHERE "user_groups"."group_id" = $1[0m  [["group_id", 14]]
[active_model_serializers]   ↳ app/controllers/api/v1/groups_controller.rb:8
[active_model_serializers]   [1m[36mUser Load (0.4ms)[0m  [1m[34mSELECT "users".* FROM "users" INNER JOIN "user_groups" ON "users"."id" = "user_groups"."user_id" WHERE "user_groups"."group_id" = $1[0m  [["group_id", 14]]
[active_model_serializers]   ↳ app/controllers/api/v1/groups_controller.rb:8
[active_model_serializers]   [1m[36mInvitation Load (0.1ms)[0m  [1m[34mSELECT "invitations".* FROM "invitations" WHERE "invitations"."group_id" = $1[0m  [["group_id", 14]]
[active_model_serializers]   ↳ app/controllers/api/v1/groups_controller.rb:8
[active_model_serializers]   [1m[36mRequest Load (0.1ms)[0m  [1m[34mSELECT "requests".* FROM "requests" WHERE "requests"."group_id" = $1[0m  [["group_id", 14]]
[active_model_serializers]   ↳ app/controllers/api/v1/groups_controller.rb:8
[active_model_serializers]   [1m[36mConversation Load (0.1ms)[0m  [1m[34mSELECT  "conversations".* FROM "conversations" WHERE "conversations"."group_id" = $1 LIMIT $2[0m  [["group_id", 14], ["LIMIT", 1]]
[active_model_serializers]   ↳ app/controllers/api/v1/groups_controller.rb:8
[active_model_serializers]   [1m[36mUserGroup Load (0.3ms)[0m  [1m[34mSELECT "user_groups".* FROM "user_groups" WHERE "user_groups"."group_id" = $1[0m  [["group_id", 15]]
[active_model_serializers]   ↳ app/controllers/api/v1/groups_controller.rb:8
[active_model_serializers]   [1m[36mUser Load (0.4ms)[0m  [1m[34mSELECT "users".* FROM "users" INNER JOIN "user_groups" ON "users"."id" = "user_groups"."user_id" WHERE "user_groups"."group_id" = $1[0m  [["group_id", 15]]
[active_model_serializers]   ↳ app/controllers/api/v1/groups_controller.rb:8
[active_model_serializers]   [1m[36mInvitation Load (0.2ms)[0m  [1m[34mSELECT "invitations".* FROM "invitations" WHERE "invitations"."group_id" = $1[0m  [["group_id", 15]]
[active_model_serializers]   ↳ app/controllers/api/v1/groups_controller.rb:8
[active_model_serializers]   [1m[36mRequest Load (0.3ms)[0m  [1m[34mSELECT "requests".* FROM "requests" WHERE "requests"."group_id" = $1[0m  [["group_id", 15]]
[active_model_serializers]   ↳ app/controllers/api/v1/groups_controller.rb:8
[active_model_serializers]   [1m[36mConversation Load (0.2ms)[0m  [1m[34mSELECT  "conversations".* FROM "conversations" WHERE "conversations"."group_id" = $1 LIMIT $2[0m  [["group_id", 15], ["LIMIT", 1]]
[active_model_serializers]   ↳ app/controllers/api/v1/groups_controller.rb:8
[active_model_serializers]   [1m[36mUserGroup Load (0.3ms)[0m  [1m[34mSELECT "user_groups".* FROM "user_groups" WHERE "user_groups"."group_id" = $1[0m  [["group_id", 16]]
[active_model_serializers]   ↳ app/controllers/api/v1/groups_controller.rb:8
[active_model_serializers]   [1m[36mUser Load (0.4ms)[0m  [1m[34mSELECT "users".* FROM "users" INNER JOIN "user_groups" ON "users"."id" = "user_groups"."user_id" WHERE "user_groups"."group_id" = $1[0m  [["group_id", 16]]
[active_model_serializers]   ↳ app/controllers/api/v1/groups_controller.rb:8
[active_model_serializers]   [1m[36mInvitation Load (0.2ms)[0m  [1m[34mSELECT "invitations".* FROM "invitations" WHERE "invitations"."group_id" = $1[0m  [["group_id", 16]]
[active_model_serializers]   ↳ app/controllers/api/v1/groups_controller.rb:8
[active_model_serializers]   [1m[36mRequest Load (0.2ms)[0m  [1m[34mSELECT "requests".* FROM "requests" WHERE "requests"."group_id" = $1[0m  [["group_id", 16]]
[active_model_serializers]   ↳ app/controllers/api/v1/groups_controller.rb:8
[active_model_serializers]   [1m[36mConversation Load (0.2ms)[0m  [1m[34mSELECT  "conversations".* FROM "conversations" WHERE "conversations"."group_id" = $1 LIMIT $2[0m  [["group_id", 16], ["LIMIT", 1]]
[active_model_serializers]   ↳ app/controllers/api/v1/groups_controller.rb:8
[active_model_serializers]   [1m[36mUserGroup Load (0.3ms)[0m  [1m[34mSELECT "user_groups".* FROM "user_groups" WHERE "user_groups"."group_id" = $1[0m  [["group_id", 17]]
[active_model_serializers]   ↳ app/controllers/api/v1/groups_controller.rb:8
[active_model_serializers]   [1m[36mUser Load (0.4ms)[0m  [1m[34mSELECT "users".* FROM "users" INNER JOIN "user_groups" ON "users"."id" = "user_groups"."user_id" WHERE "user_groups"."group_id" = $1[0m  [["group_id", 17]]
[active_model_serializers]   ↳ app/controllers/api/v1/groups_controller.rb:8
[active_model_serializers]   [1m[36mInvitation Load (0.2ms)[0m  [1m[34mSELECT "invitations".* FROM "invitations" WHERE "invitations"."group_id" = $1[0m  [["group_id", 17]]
[active_model_serializers]   ↳ app/controllers/api/v1/groups_controller.rb:8
[active_model_serializers]   [1m[36mRequest Load (0.8ms)[0m  [1m[34mSELECT "requests".* FROM "requests" WHERE "requests"."group_id" = $1[0m  [["group_id", 17]]
[active_model_serializers]   ↳ app/controllers/api/v1/groups_controller.rb:8
[active_model_serializers]   [1m[36mConversation Load (0.2ms)[0m  [1m[34mSELECT  "conversations".* FROM "conversations" WHERE "conversations"."group_id" = $1 LIMIT $2[0m  [["group_id", 17], ["LIMIT", 1]]
[active_model_serializers]   ↳ app/controllers/api/v1/groups_controller.rb:8
[active_model_serializers]   [1m[36mUserGroup Load (0.3ms)[0m  [1m[34mSELECT "user_groups".* FROM "user_groups" WHERE "user_groups"."group_id" = $1[0m  [["group_id", 18]]
[active_model_serializers]   ↳ app/controllers/api/v1/groups_controller.rb:8
[active_model_serializers]   [1m[36mUser Load (0.7ms)[0m  [1m[34mSELECT "users".* FROM "users" INNER JOIN "user_groups" ON "users"."id" = "user_groups"."user_id" WHERE "user_groups"."group_id" = $1[0m  [["group_id", 18]]
[active_model_serializers]   ↳ app/controllers/api/v1/groups_controller.rb:8
[active_model_serializers]   [1m[36mInvitation Load (0.2ms)[0m  [1m[34mSELECT "invitations".* FROM "invitations" WHERE "invitations"."group_id" = $1[0m  [["group_id", 18]]
[active_model_serializers]   ↳ app/controllers/api/v1/groups_controller.rb:8
[active_model_serializers]   [1m[36mRequest Load (0.3ms)[0m  [1m[34mSELECT "requests".* FROM "requests" WHERE "requests"."group_id" = $1[0m  [["group_id", 18]]
[active_model_serializers]   ↳ app/controllers/api/v1/groups_controller.rb:8
[active_model_serializers]   [1m[36mConversation Load (0.2ms)[0m  [1m[34mSELECT  "conversations".* FROM "conversations" WHERE "conversations"."group_id" = $1 LIMIT $2[0m  [["group_id", 18], ["LIMIT", 1]]
[active_model_serializers]   ↳ app/controllers/api/v1/groups_controller.rb:8
[active_model_serializers]   [1m[36mUserGroup Load (0.5ms)[0m  [1m[34mSELECT "user_groups".* FROM "user_groups" WHERE "user_groups"."group_id" = $1[0m  [["group_id", 19]]
[active_model_serializers]   ↳ app/controllers/api/v1/groups_controller.rb:8
[active_model_serializers]   [1m[36mUser Load (0.5ms)[0m  [1m[34mSELECT "users".* FROM "users" INNER JOIN "user_groups" ON "users"."id" = "user_groups"."user_id" WHERE "user_groups"."group_id" = $1[0m  [["group_id", 19]]
[active_model_serializers]   ↳ app/controllers/api/v1/groups_controller.rb:8
[active_model_serializers]   [1m[36mInvitation Load (0.5ms)[0m  [1m[34mSELECT "invitations".* FROM "invitations" WHERE "invitations"."group_id" = $1[0m  [["group_id", 19]]
[active_model_serializers]   ↳ app/controllers/api/v1/groups_controller.rb:8
[active_model_serializers]   [1m[36mRequest Load (0.2ms)[0m  [1m[34mSELECT "requests".* FROM "requests" WHERE "requests"."group_id" = $1[0m  [["group_id", 19]]
[active_model_serializers]   ↳ app/controllers/api/v1/groups_controller.rb:8
[active_model_serializers]   [1m[36mConversation Load (0.1ms)[0m  [1m[34mSELECT  "conversations".* FROM "conversations" WHERE "conversations"."group_id" = $1 LIMIT $2[0m  [["group_id", 19], ["LIMIT", 1]]
[active_model_serializers]   ↳ app/controllers/api/v1/groups_controller.rb:8
[active_model_serializers]   [1m[36mUserGroup Load (0.3ms)[0m  [1m[34mSELECT "user_groups".* FROM "user_groups" WHERE "user_groups"."group_id" = $1[0m  [["group_id", 20]]
[active_model_serializers]   ↳ app/controllers/api/v1/groups_controller.rb:8
[active_model_serializers]   [1m[36mUser Load (0.4ms)[0m  [1m[34mSELECT "users".* FROM "users" INNER JOIN "user_groups" ON "users"."id" = "user_groups"."user_id" WHERE "user_groups"."group_id" = $1[0m  [["group_id", 20]]
[active_model_serializers]   ↳ app/controllers/api/v1/groups_controller.rb:8
[active_model_serializers]   [1m[36mInvitation Load (0.2ms)[0m  [1m[34mSELECT "invitations".* FROM "invitations" WHERE "invitations"."group_id" = $1[0m  [["group_id", 20]]
[active_model_serializers]   ↳ app/controllers/api/v1/groups_controller.rb:8
[active_model_serializers]   [1m[36mRequest Load (0.2ms)[0m  [1m[34mSELECT "requests".* FROM "requests" WHERE "requests"."group_id" = $1[0m  [["group_id", 20]]
[active_model_serializers]   ↳ app/controllers/api/v1/groups_controller.rb:8
[active_model_serializers]   [1m[36mConversation Load (0.2ms)[0m  [1m[34mSELECT  "conversations".* FROM "conversations" WHERE "conversations"."group_id" = $1 LIMIT $2[0m  [["group_id", 20], ["LIMIT", 1]]
[active_model_serializers]   ↳ app/controllers/api/v1/groups_controller.rb:8
[active_model_serializers]   [1m[36mUserGroup Load (0.3ms)[0m  [1m[34mSELECT "user_groups".* FROM "user_groups" WHERE "user_groups"."group_id" = $1[0m  [["group_id", 21]]
[active_model_serializers]   ↳ app/controllers/api/v1/groups_controller.rb:8
[active_model_serializers]   [1m[36mUser Load (0.4ms)[0m  [1m[34mSELECT "users".* FROM "users" INNER JOIN "user_groups" ON "users"."id" = "user_groups"."user_id" WHERE "user_groups"."group_id" = $1[0m  [["group_id", 21]]
[active_model_serializers]   ↳ app/controllers/api/v1/groups_controller.rb:8
[active_model_serializers]   [1m[36mInvitation Load (0.2ms)[0m  [1m[34mSELECT "invitations".* FROM "invitations" WHERE "invitations"."group_id" = $1[0m  [["group_id", 21]]
[active_model_serializers]   ↳ app/controllers/api/v1/groups_controller.rb:8
[active_model_serializers]   [1m[36mRequest Load (0.2ms)[0m  [1m[34mSELECT "requests".* FROM "requests" WHERE "requests"."group_id" = $1[0m  [["group_id", 21]]
[active_model_serializers]   ↳ app/controllers/api/v1/groups_controller.rb:8
[active_model_serializers]   [1m[36mConversation Load (0.2ms)[0m  [1m[34mSELECT  "conversations".* FROM "conversations" WHERE "conversations"."group_id" = $1 LIMIT $2[0m  [["group_id", 21], ["LIMIT", 1]]
[active_model_serializers]   ↳ app/controllers/api/v1/groups_controller.rb:8
[active_model_serializers]   [1m[36mUserGroup Load (0.3ms)[0m  [1m[34mSELECT "user_groups".* FROM "user_groups" WHERE "user_groups"."group_id" = $1[0m  [["group_id", 22]]
[active_model_serializers]   ↳ app/controllers/api/v1/groups_controller.rb:8
[active_model_serializers]   [1m[36mUser Load (0.3ms)[0m  [1m[34mSELECT "users".* FROM "users" INNER JOIN "user_groups" ON "users"."id" = "user_groups"."user_id" WHERE "user_groups"."group_id" = $1[0m  [["group_id", 22]]
[active_model_serializers]   ↳ app/controllers/api/v1/groups_controller.rb:8
[active_model_serializers]   [1m[36mInvitation Load (0.4ms)[0m  [1m[34mSELECT "invitations".* FROM "invitations" WHERE "invitations"."group_id" = $1[0m  [["group_id", 22]]
[active_model_serializers]   ↳ app/controllers/api/v1/groups_controller.rb:8
[active_model_serializers]   [1m[36mRequest Load (0.5ms)[0m  [1m[34mSELECT "requests".* FROM "requests" WHERE "requests"."group_id" = $1[0m  [["group_id", 22]]
[active_model_serializers]   ↳ app/controllers/api/v1/groups_controller.rb:8
[active_model_serializers]   [1m[36mConversation Load (0.3ms)[0m  [1m[34mSELECT  "conversations".* FROM "conversations" WHERE "conversations"."group_id" = $1 LIMIT $2[0m  [["group_id", 22], ["LIMIT", 1]]
[active_model_serializers]   ↳ app/controllers/api/v1/groups_controller.rb:8
[active_model_serializers]   [1m[36mUserGroup Load (0.6ms)[0m  [1m[34mSELECT "user_groups".* FROM "user_groups" WHERE "user_groups"."group_id" = $1[0m  [["group_id", 23]]
[active_model_serializers]   ↳ app/controllers/api/v1/groups_controller.rb:8
[active_model_serializers]   [1m[36mUser Load (0.8ms)[0m  [1m[34mSELECT "users".* FROM "users" INNER JOIN "user_groups" ON "users"."id" = "user_groups"."user_id" WHERE "user_groups"."group_id" = $1[0m  [["group_id", 23]]
[active_model_serializers]   ↳ app/controllers/api/v1/groups_controller.rb:8
[active_model_serializers]   [1m[36mInvitation Load (1.1ms)[0m  [1m[34mSELECT "invitations".* FROM "invitations" WHERE "invitations"."group_id" = $1[0m  [["group_id", 23]]
[active_model_serializers]   ↳ app/controllers/api/v1/groups_controller.rb:8
[active_model_serializers]   [1m[36mRequest Load (0.4ms)[0m  [1m[34mSELECT "requests".* FROM "requests" WHERE "requests"."group_id" = $1[0m  [["group_id", 23]]
[active_model_serializers]   ↳ app/controllers/api/v1/groups_controller.rb:8
[active_model_serializers]   [1m[36mConversation Load (0.2ms)[0m  [1m[34mSELECT  "conversations".* FROM "conversations" WHERE "conversations"."group_id" = $1 LIMIT $2[0m  [["group_id", 23], ["LIMIT", 1]]
[active_model_serializers]   ↳ app/controllers/api/v1/groups_controller.rb:8
[active_model_serializers]   [1m[36mUserGroup Load (0.3ms)[0m  [1m[34mSELECT "user_groups".* FROM "user_groups" WHERE "user_groups"."group_id" = $1[0m  [["group_id", 24]]
[active_model_serializers]   ↳ app/controllers/api/v1/groups_controller.rb:8
[active_model_serializers]   [1m[36mUser Load (0.6ms)[0m  [1m[34mSELECT "users".* FROM "users" INNER JOIN "user_groups" ON "users"."id" = "user_groups"."user_id" WHERE "user_groups"."group_id" = $1[0m  [["group_id", 24]]
[active_model_serializers]   ↳ app/controllers/api/v1/groups_controller.rb:8
[active_model_serializers]   [1m[36mInvitation Load (0.2ms)[0m  [1m[34mSELECT "invitations".* FROM "invitations" WHERE "invitations"."group_id" = $1[0m  [["group_id", 24]]
[active_model_serializers]   ↳ app/controllers/api/v1/groups_controller.rb:8
[active_model_serializers]   [1m[36mRequest Load (0.2ms)[0m  [1m[34mSELECT "requests".* FROM "requests" WHERE "requests"."group_id" = $1[0m  [["group_id", 24]]
[active_model_serializers]   ↳ app/controllers/api/v1/groups_controller.rb:8
[active_model_serializers]   [1m[36mConversation Load (0.2ms)[0m  [1m[34mSELECT  "conversations".* FROM "conversations" WHERE "conversations"."group_id" = $1 LIMIT $2[0m  [["group_id", 24], ["LIMIT", 1]]
[active_model_serializers]   ↳ app/controllers/api/v1/groups_controller.rb:8
[active_model_serializers]   [1m[36mUserGroup Load (0.3ms)[0m  [1m[34mSELECT "user_groups".* FROM "user_groups" WHERE "user_groups"."group_id" = $1[0m  [["group_id", 25]]
[active_model_serializers]   ↳ app/controllers/api/v1/groups_controller.rb:8
[active_model_serializers]   [1m[36mUser Load (0.3ms)[0m  [1m[34mSELECT "users".* FROM "users" INNER JOIN "user_groups" ON "users"."id" = "user_groups"."user_id" WHERE "user_groups"."group_id" = $1[0m  [["group_id", 25]]
[active_model_serializers]   ↳ app/controllers/api/v1/groups_controller.rb:8
[active_model_serializers]   [1m[36mInvitation Load (0.2ms)[0m  [1m[34mSELECT "invitations".* FROM "invitations" WHERE "invitations"."group_id" = $1[0m  [["group_id", 25]]
[active_model_serializers]   ↳ app/controllers/api/v1/groups_controller.rb:8
[active_model_serializers]   [1m[36mRequest Load (0.2ms)[0m  [1m[34mSELECT "requests".* FROM "requests" WHERE "requests"."group_id" = $1[0m  [["group_id", 25]]
[active_model_serializers]   ↳ app/controllers/api/v1/groups_controller.rb:8
[active_model_serializers]   [1m[36mConversation Load (0.2ms)[0m  [1m[34mSELECT  "conversations".* FROM "conversations" WHERE "conversations"."group_id" = $1 LIMIT $2[0m  [["group_id", 25], ["LIMIT", 1]]
[active_model_serializers]   ↳ app/controllers/api/v1/groups_controller.rb:8
[active_model_serializers] Rendered ActiveModel::Serializer::CollectionSerializer with ActiveModelSerializers::Adapter::Attributes (437.09ms)
Completed 401 Unauthorized in 444ms (Views: 394.2ms | ActiveRecord: 49.3ms)


